<?xml version="1.0" encoding="UTF-8"?>
<!-- Generated by org.testng.reporters.JUnitReportReporter -->
<testsuite skipped="0" hostname="LAPTOP-H421FH8F" name="org.test.Two" tests="3" failures="0" timestamp="07 Mar 2024 13:51:24 GMT" time="0.008" errors="0">
  <testcase name="C1" time="0.001" classname="org.test.Two"/>
  <testcase name="A3" time="0.006" classname="org.test.Two"/>
  <testcase name="B2" time="0.001" classname="org.test.Two"/>
</testsuite> <!-- org.test.Two -->
