<?xml version="1.0" encoding="UTF-8"?>
<!-- Generated by org.testng.reporters.JUnitReportReporter -->
<testsuite skipped="0" hostname="LAPTOP-H421FH8F" name="org.test.Sampl" tests="1" failures="0" timestamp="07 Mar 2024 16:05:49 GMT" time="0.009" errors="0">
  <testcase name="test" time="0.009" classname="org.test.Sampl"/>
</testsuite> <!-- org.test.Sampl -->
